mode: set
subscription-service/cmd/web/handlers.go:15.69,17.2 1 1
subscription-service/cmd/web/handlers.go:19.70,21.2 1 1
subscription-service/cmd/web/handlers.go:23.74,28.16 3 1
subscription-service/cmd/web/handlers.go:28.16,30.3 1 0
subscription-service/cmd/web/handlers.go:33.2,37.16 4 1
subscription-service/cmd/web/handlers.go:37.16,41.3 3 0
subscription-service/cmd/web/handlers.go:44.2,45.16 2 1
subscription-service/cmd/web/handlers.go:45.16,49.3 3 1
subscription-service/cmd/web/handlers.go:51.2,51.20 1 0
subscription-service/cmd/web/handlers.go:51.20,63.3 5 0
subscription-service/cmd/web/handlers.go:66.2,71.47 4 0
subscription-service/cmd/web/handlers.go:74.67,80.2 3 0
subscription-service/cmd/web/handlers.go:82.73,84.2 1 0
subscription-service/cmd/web/handlers.go:86.77,88.16 2 0
subscription-service/cmd/web/handlers.go:88.16,90.3 1 0
subscription-service/cmd/web/handlers.go:93.2,103.16 3 0
subscription-service/cmd/web/handlers.go:103.16,107.3 3 0
subscription-service/cmd/web/handlers.go:110.2,124.52 7 0
subscription-service/cmd/web/handlers.go:127.76,133.9 4 0
subscription-service/cmd/web/handlers.go:133.9,137.3 3 0
subscription-service/cmd/web/handlers.go:139.2,140.16 2 0
subscription-service/cmd/web/handlers.go:140.16,144.3 3 0
subscription-service/cmd/web/handlers.go:146.2,148.16 3 0
subscription-service/cmd/web/handlers.go:148.16,152.3 3 0
subscription-service/cmd/web/handlers.go:154.2,155.52 2 0
subscription-service/cmd/web/handlers.go:161.76,166.16 3 0
subscription-service/cmd/web/handlers.go:166.16,168.3 1 0
subscription-service/cmd/web/handlers.go:173.2,174.16 2 0
subscription-service/cmd/web/handlers.go:174.16,178.3 3 0
subscription-service/cmd/web/handlers.go:181.2,182.9 2 0
subscription-service/cmd/web/handlers.go:182.9,186.3 3 0
subscription-service/cmd/web/handlers.go:188.2,190.12 2 0
subscription-service/cmd/web/handlers.go:190.12,194.17 3 0
subscription-service/cmd/web/handlers.go:194.17,197.4 1 0
subscription-service/cmd/web/handlers.go:199.3,206.21 2 0
subscription-service/cmd/web/handlers.go:210.2,211.12 2 0
subscription-service/cmd/web/handlers.go:211.12,216.17 4 0
subscription-service/cmd/web/handlers.go:216.17,219.4 2 0
subscription-service/cmd/web/handlers.go:221.3,232.51 3 0
subscription-service/cmd/web/handlers.go:235.2,236.16 2 0
subscription-service/cmd/web/handlers.go:236.16,240.3 3 0
subscription-service/cmd/web/handlers.go:242.2,243.16 2 0
subscription-service/cmd/web/handlers.go:243.16,247.3 3 0
subscription-service/cmd/web/handlers.go:249.2,253.60 3 0
subscription-service/cmd/web/handlers.go:256.77,259.2 2 0
subscription-service/cmd/web/handlers.go:261.79,263.16 2 0
subscription-service/cmd/web/handlers.go:263.16,266.3 2 0
subscription-service/cmd/web/handlers.go:267.2,272.4 3 0
subscription-service/cmd/web/handlers.go:275.78,296.2 14 0
subscription-service/cmd/web/helpers.go:3.43,6.2 2 0
subscription-service/cmd/web/mailer.go:40.36,41.6 1 0
subscription-service/cmd/web/mailer.go:41.6,42.10 1 0
subscription-service/cmd/web/mailer.go:43.39,44.53 1 0
subscription-service/cmd/web/mailer.go:45.38,46.29 1 0
subscription-service/cmd/web/mailer.go:47.30,48.10 1 0
subscription-service/cmd/web/mailer.go:53.60,56.24 2 0
subscription-service/cmd/web/mailer.go:56.24,58.3 1 0
subscription-service/cmd/web/mailer.go:60.2,60.20 1 0
subscription-service/cmd/web/mailer.go:60.20,62.3 1 0
subscription-service/cmd/web/mailer.go:64.2,64.24 1 0
subscription-service/cmd/web/mailer.go:64.24,66.3 1 0
subscription-service/cmd/web/mailer.go:68.2,68.30 1 0
subscription-service/cmd/web/mailer.go:68.30,70.3 1 0
subscription-service/cmd/web/mailer.go:75.2,75.27 1 0
subscription-service/cmd/web/mailer.go:75.27,77.3 1 0
subscription-service/cmd/web/mailer.go:78.2,82.16 3 0
subscription-service/cmd/web/mailer.go:82.16,84.3 1 0
subscription-service/cmd/web/mailer.go:86.2,87.16 2 0
subscription-service/cmd/web/mailer.go:87.16,89.3 1 0
subscription-service/cmd/web/mailer.go:91.2,102.16 11 0
subscription-service/cmd/web/mailer.go:102.16,104.3 1 0
subscription-service/cmd/web/mailer.go:106.2,112.30 5 0
subscription-service/cmd/web/mailer.go:112.30,113.37 1 0
subscription-service/cmd/web/mailer.go:113.37,115.4 1 0
subscription-service/cmd/web/mailer.go:118.2,118.32 1 0
subscription-service/cmd/web/mailer.go:118.32,119.45 1 0
subscription-service/cmd/web/mailer.go:119.45,121.4 1 0
subscription-service/cmd/web/mailer.go:124.2,125.16 2 0
subscription-service/cmd/web/mailer.go:125.16,127.3 1 0
subscription-service/cmd/web/mailer.go:130.62,134.16 3 0
subscription-service/cmd/web/mailer.go:134.16,136.3 1 0
subscription-service/cmd/web/mailer.go:137.2,138.68 2 0
subscription-service/cmd/web/mailer.go:138.68,140.3 1 0
subscription-service/cmd/web/mailer.go:141.2,143.16 3 0
subscription-service/cmd/web/mailer.go:143.16,145.3 1 0
subscription-service/cmd/web/mailer.go:147.2,147.30 1 0
subscription-service/cmd/web/mailer.go:151.67,155.16 3 0
subscription-service/cmd/web/mailer.go:155.16,157.3 1 0
subscription-service/cmd/web/mailer.go:158.2,159.68 2 0
subscription-service/cmd/web/mailer.go:159.68,161.3 1 0
subscription-service/cmd/web/mailer.go:162.2,164.26 2 0
subscription-service/cmd/web/mailer.go:167.52,174.16 3 0
subscription-service/cmd/web/mailer.go:174.16,176.3 1 0
subscription-service/cmd/web/mailer.go:178.2,179.16 2 0
subscription-service/cmd/web/mailer.go:179.16,181.3 1 0
subscription-service/cmd/web/mailer.go:183.2,183.18 1 0
subscription-service/cmd/web/mailer.go:186.56,187.11 1 0
subscription-service/cmd/web/mailer.go:188.13,189.33 1 0
subscription-service/cmd/web/mailer.go:190.13,191.31 1 0
subscription-service/cmd/web/mailer.go:192.14,193.29 1 0
subscription-service/cmd/web/mailer.go:194.10,195.33 1 0
subscription-service/cmd/web/main.go:25.13,65.2 11 0
subscription-service/cmd/web/main.go:67.38,68.6 1 0
subscription-service/cmd/web/main.go:68.6,69.10 1 0
subscription-service/cmd/web/main.go:70.31,71.29 1 0
subscription-service/cmd/web/main.go:72.28,73.10 1 0
subscription-service/cmd/web/main.go:78.28,90.16 4 0
subscription-service/cmd/web/main.go:90.16,92.3 1 0
subscription-service/cmd/web/main.go:95.23,97.17 2 0
subscription-service/cmd/web/main.go:97.17,99.3 1 0
subscription-service/cmd/web/main.go:100.2,100.13 1 0
subscription-service/cmd/web/main.go:103.28,107.6 3 0
subscription-service/cmd/web/main.go:107.6,109.17 2 0
subscription-service/cmd/web/main.go:109.17,111.4 1 0
subscription-service/cmd/web/main.go:111.9,114.4 2 0
subscription-service/cmd/web/main.go:116.3,116.18 1 0
subscription-service/cmd/web/main.go:116.18,118.4 1 0
subscription-service/cmd/web/main.go:120.3,123.11 4 0
subscription-service/cmd/web/main.go:127.42,129.16 2 0
subscription-service/cmd/web/main.go:129.16,131.3 1 0
subscription-service/cmd/web/main.go:133.2,134.16 2 0
subscription-service/cmd/web/main.go:134.16,136.3 1 0
subscription-service/cmd/web/main.go:138.2,138.16 1 0
subscription-service/cmd/web/main.go:141.40,152.2 8 0
subscription-service/cmd/web/main.go:154.30,157.36 1 0
subscription-service/cmd/web/main.go:157.36,159.4 1 0
subscription-service/cmd/web/main.go:161.2,161.13 1 0
subscription-service/cmd/web/main.go:164.40,170.2 5 0
subscription-service/cmd/web/main.go:172.31,188.2 10 0
subscription-service/cmd/web/main.go:190.38,210.2 5 0
subscription-service/cmd/web/middleware.go:5.64,7.2 1 1
subscription-service/cmd/web/middleware.go:9.57,10.71 1 1
subscription-service/cmd/web/middleware.go:10.71,11.49 1 0
subscription-service/cmd/web/middleware.go:11.49,15.4 3 0
subscription-service/cmd/web/middleware.go:16.3,16.23 1 0
subscription-service/cmd/web/render.go:26.95,38.29 4 1
subscription-service/cmd/web/render.go:38.29,40.3 1 1
subscription-service/cmd/web/render.go:42.2,42.15 1 1
subscription-service/cmd/web/render.go:42.15,44.3 1 1
subscription-service/cmd/web/render.go:46.2,47.16 2 1
subscription-service/cmd/web/render.go:47.16,51.3 3 0
subscription-service/cmd/web/render.go:53.2,53.67 1 1
subscription-service/cmd/web/render.go:53.67,57.3 3 0
subscription-service/cmd/web/render.go:60.84,65.28 4 1
subscription-service/cmd/web/render.go:65.28,68.10 3 1
subscription-service/cmd/web/render.go:68.10,70.4 1 0
subscription-service/cmd/web/render.go:70.9,72.4 1 1
subscription-service/cmd/web/render.go:74.2,76.11 2 1
subscription-service/cmd/web/render.go:79.58,81.2 1 1
subscription-service/cmd/web/routes.go:9.42,29.2 12 1
subscription-service/cmd/web/routes.go:31.46,39.2 5 1
subscription-service/cmd/web/signer.go:15.21,17.2 1 0
subscription-service/cmd/web/signer.go:20.50,24.33 3 0
subscription-service/cmd/web/signer.go:24.33,26.3 1 0
subscription-service/cmd/web/signer.go:26.8,28.3 1 0
subscription-service/cmd/web/signer.go:30.2,33.14 3 0
subscription-service/cmd/web/signer.go:37.37,41.16 3 0
subscription-service/cmd/web/signer.go:41.16,45.3 1 0
subscription-service/cmd/web/signer.go:47.2,47.13 1 0
subscription-service/cmd/web/signer.go:52.57,58.2 3 0
